Loading script: mitmProxy.py
LOG: 1485436641.084181 STU LOAD BEGIN
LOG: 1485436642.53921 STU LOAD END
Proxy server listening at http://0.0.0.0:8080
Reloading script: mitmProxy.py
LOG: 1485436643.5694861 STU LOAD BEGIN
LOG: 1485436645.33083 STU LOAD END
LOG: 1485436645.332214 STU LOAD BEGIN
LOG: 1485436648.4687722 STU LOAD END
127.0.0.1:50478: clientconnect
Reloading script: mitmProxy.py
LOG: 1485436648.4704902 STU LOAD BEGIN
LOG: 1485436650.1966138 STU LOAD END
LOG: 1485436650.198752 STU LOAD BEGIN
LOG: 1485436651.407413 STU LOAD END
Reloading script: mitmProxy.py
LOG: 1485436651.4093251 STU LOAD BEGIN
LOG: 1485436652.7927308 STU LOAD END
LOG: 1485436652.794614 STU LOAD BEGIN
LOG: 1485436654.2086442 STU LOAD END
127.0.0.1:50479: clientconnect
Reloading script: mitmProxy.py
LOG: 1485436654.210736 STU LOAD BEGIN
LOG: 1485436655.524083 STU LOAD END
LOG: 1485436655.526357 STU LOAD BEGIN
LOG: 1485436657.175863 STU LOAD END
Reloading script: mitmProxy.py
LOG: 1485436657.177664 STU LOAD BEGIN
LOG: 1485436658.389189 STU LOAD END
LOG: 1485436658.390591 STU LOAD BEGIN
LOG: 1485436659.917099 STU LOAD END
127.0.0.1:50480: clientconnect
Reloading script: mitmProxy.py
LOG: 1485436659.91869 STU LOAD BEGIN
LOG: 1485436661.1430242 STU LOAD END
LOG: 1485436661.1443222 STU LOAD BEGIN
LOG: 1485436662.21891 STU LOAD END
Reloading script: mitmProxy.py
LOG: 1485436662.220924 STU LOAD BEGIN
LOG: 1485436664.124192 STU LOAD END
LOG: 1485436664.1256871 STU LOAD BEGIN
LOG: 1485436665.4672709 STU LOAD END
127.0.0.1:50481: clientconnect
Reloading script: mitmProxy.py
LOG: 1485436665.469145 STU LOAD BEGIN
