2017-01-26 19:18:58,204 INFO 2885926649 http://www.cnbeta.com/assets/default/images/common/hl_bg.png
2017-01-26 19:18:59,924 INFO 880551678 http://static.cnbetacdn.com/frontend/201701/970126896b6e3cc.jpg
2017-01-26 19:18:59,924 INFO 880551678 http://static.cnbetacdn.com/frontend/201701/970126896b6e3cc.jpg
2017-01-26 19:19:01,032 INFO 2425737831 http://www.cnbeta.com/assets/default/images/common/head.png
2017-01-26 19:19:01,032 INFO 2425737831 http://www.cnbeta.com/assets/default/images/common/head.png
2017-01-26 19:19:01,101 INFO 840894705 http://static.cnbetacdn.com/thumb/mini/article/2017/0123/c54ee1c115da228_100x100.png
2017-01-26 19:19:01,101 INFO 840894705 http://static.cnbetacdn.com/thumb/mini/article/2017/0123/c54ee1c115da228_100x100.png
2017-01-26 19:19:02,008 INFO 1248959878 http://www.cnbeta.com/assets/default/images/common/repeat_x_bg.png
2017-01-26 19:19:02,008 INFO 1248959878 http://www.cnbeta.com/assets/default/images/common/repeat_x_bg.png
2017-01-26 19:19:02,962 INFO 2914176666 http://www.cnbeta.com/assets/default/images/common/head.png
2017-01-26 19:19:02,962 INFO 2914176666 http://www.cnbeta.com/assets/default/images/common/head.png
2017-01-26 19:19:04,283 INFO 1943425639 http://www.cnbeta.com/favicon.ico
2017-01-26 19:19:04,283 INFO 1943425639 http://www.cnbeta.com/favicon.ico
2017-01-26 19:19:04,283 INFO 1943425639 http://www.cnbeta.com/favicon.ico
2017-01-26 19:19:04,842 INFO 3653093610 http://static.cnbetacdn.com/frontend/201701/46b3f7e1c30ac74.jpg
2017-01-26 19:19:04,842 INFO 3653093610 http://static.cnbetacdn.com/frontend/201701/46b3f7e1c30ac74.jpg
2017-01-26 19:19:04,842 INFO 3653093610 http://static.cnbetacdn.com/frontend/201701/46b3f7e1c30ac74.jpg
2017-01-26 19:19:05,275 INFO 3941618592 http://www.cnbeta.com/assets/default/images/common/waterCover.png
2017-01-26 19:19:05,275 INFO 3941618592 http://www.cnbeta.com/assets/default/images/common/waterCover.png
2017-01-26 19:19:05,275 INFO 3941618592 http://www.cnbeta.com/assets/default/images/common/waterCover.png
2017-01-26 19:19:06,675 INFO 1052147622 http://static.cnbetacdn.com/frontend/201701/b525783149d0c04.jpg
2017-01-26 19:19:06,675 INFO 1052147622 http://static.cnbetacdn.com/frontend/201701/b525783149d0c04.jpg
2017-01-26 19:19:06,675 INFO 1052147622 http://static.cnbetacdn.com/frontend/201701/b525783149d0c04.jpg
2017-01-26 19:19:08,311 INFO 2254999144 http://www.cnbeta.com/assets/default/images/common/head.png
2017-01-26 19:19:08,311 INFO 2254999144 http://www.cnbeta.com/assets/default/images/common/head.png
2017-01-26 19:19:08,311 INFO 2254999144 http://www.cnbeta.com/assets/default/images/common/head.png
2017-01-26 19:19:08,833 INFO 1361238374 http://www.cnbeta.com/assets/default/images/common/hl_bg.png
2017-01-26 19:19:08,833 INFO 1361238374 http://www.cnbeta.com/assets/default/images/common/hl_bg.png
2017-01-26 19:19:08,833 INFO 1361238374 http://www.cnbeta.com/assets/default/images/common/hl_bg.png
2017-01-26 19:19:08,896 INFO 4066778541 http://www.cnbeta.com/assets/default/images/common/dot.png
2017-01-26 19:19:08,896 INFO 4066778541 http://www.cnbeta.com/assets/default/images/common/dot.png
2017-01-26 19:19:08,896 INFO 4066778541 http://www.cnbeta.com/assets/default/images/common/dot.png
2017-01-26 19:19:09,947 INFO 4098041874 http://static.cnbetacdn.com/frontend/201701/90d16cee8ab3098.jpg
2017-01-26 19:19:09,947 INFO 4098041874 http://static.cnbetacdn.com/frontend/201701/90d16cee8ab3098.jpg
2017-01-26 19:19:09,947 INFO 4098041874 http://static.cnbetacdn.com/frontend/201701/90d16cee8ab3098.jpg
2017-01-26 19:19:11,773 INFO 1454209000 http://static.cnbetacdn.com/frontend/201701/b525783149d0c04.jpg
2017-01-26 19:19:11,773 INFO 1454209000 http://static.cnbetacdn.com/frontend/201701/b525783149d0c04.jpg
2017-01-26 19:19:11,773 INFO 1454209000 http://static.cnbetacdn.com/frontend/201701/b525783149d0c04.jpg
2017-01-26 19:19:11,773 INFO 1454209000 http://static.cnbetacdn.com/frontend/201701/b525783149d0c04.jpg
2017-01-26 19:19:12,048 INFO 3596856938 http://static.cnbetacdn.com/frontend/201701/f2563351b94c8f6.jpg
2017-01-26 19:19:12,048 INFO 3596856938 http://static.cnbetacdn.com/frontend/201701/f2563351b94c8f6.jpg
2017-01-26 19:19:12,048 INFO 3596856938 http://static.cnbetacdn.com/frontend/201701/f2563351b94c8f6.jpg
2017-01-26 19:19:12,048 INFO 3596856938 http://static.cnbetacdn.com/frontend/201701/f2563351b94c8f6.jpg
2017-01-26 19:19:12,049 INFO 3175949182 http://static.cnbetacdn.com/frontend/201701/f2563351b94c8f6.jpg
2017-01-26 19:19:12,049 INFO 3175949182 http://static.cnbetacdn.com/frontend/201701/f2563351b94c8f6.jpg
2017-01-26 19:19:12,049 INFO 3175949182 http://static.cnbetacdn.com/frontend/201701/f2563351b94c8f6.jpg
2017-01-26 19:19:12,049 INFO 3175949182 http://static.cnbetacdn.com/frontend/201701/f2563351b94c8f6.jpg
2017-01-26 19:19:13,305 INFO 1318688807 http://static.cnbetacdn.com/frontend/201701/970126896b6e3cc.jpg
2017-01-26 19:19:13,305 INFO 1318688807 http://static.cnbetacdn.com/frontend/201701/970126896b6e3cc.jpg
2017-01-26 19:19:13,305 INFO 1318688807 http://static.cnbetacdn.com/frontend/201701/970126896b6e3cc.jpg
2017-01-26 19:19:13,305 INFO 1318688807 http://static.cnbetacdn.com/frontend/201701/970126896b6e3cc.jpg
2017-01-26 19:19:14,258 INFO 3946639302 http://static.cnbetacdn.com/frontend/201701/90d16cee8ab3098.jpg
2017-01-26 19:19:14,258 INFO 3946639302 http://static.cnbetacdn.com/frontend/201701/90d16cee8ab3098.jpg
2017-01-26 19:19:14,258 INFO 3946639302 http://static.cnbetacdn.com/frontend/201701/90d16cee8ab3098.jpg
2017-01-26 19:19:14,258 INFO 3946639302 http://static.cnbetacdn.com/frontend/201701/90d16cee8ab3098.jpg
2017-01-26 19:19:14,482 INFO 2101420147 http://static.cnbetacdn.com/frontend/201701/a9c8a54cc099e38.jpg
2017-01-26 19:19:14,482 INFO 2101420147 http://static.cnbetacdn.com/frontend/201701/a9c8a54cc099e38.jpg
2017-01-26 19:19:14,482 INFO 2101420147 http://static.cnbetacdn.com/frontend/201701/a9c8a54cc099e38.jpg
2017-01-26 19:19:14,482 INFO 2101420147 http://static.cnbetacdn.com/frontend/201701/a9c8a54cc099e38.jpg
2017-01-26 19:19:14,540 INFO 1306743180 http://static.cnbetacdn.com/frontend/201701/46b3f7e1c30ac74.jpg
2017-01-26 19:19:14,540 INFO 1306743180 http://static.cnbetacdn.com/frontend/201701/46b3f7e1c30ac74.jpg
2017-01-26 19:19:14,540 INFO 1306743180 http://static.cnbetacdn.com/frontend/201701/46b3f7e1c30ac74.jpg
2017-01-26 19:19:14,540 INFO 1306743180 http://static.cnbetacdn.com/frontend/201701/46b3f7e1c30ac74.jpg
2017-01-26 19:19:39,986 INFO 909765849 https://gw.alicdn.com/tps/TB1eJ.NPXXXXXadXVXXXXXXXXXX-670-100.jpg
2017-01-26 19:19:39,986 INFO 909765849 https://gw.alicdn.com/tps/TB1eJ.NPXXXXXadXVXXXXXXXXXX-670-100.jpg
2017-01-26 19:19:39,986 INFO 909765849 https://gw.alicdn.com/tps/TB1eJ.NPXXXXXadXVXXXXXXXXXX-670-100.jpg
2017-01-26 19:19:39,986 INFO 909765849 https://gw.alicdn.com/tps/TB1eJ.NPXXXXXadXVXXXXXXXXXX-670-100.jpg
2017-01-26 19:19:39,986 INFO 909765849 https://gw.alicdn.com/tps/TB1eJ.NPXXXXXadXVXXXXXXXXXX-670-100.jpg
2017-01-26 19:19:39,986 INFO 909765849 https://gw.alicdn.com/tps/TB1eJ.NPXXXXXadXVXXXXXXXXXX-670-100.jpg
2017-01-26 19:19:39,986 INFO 909765849 https://gw.alicdn.com/tps/TB1eJ.NPXXXXXadXVXXXXXXXXXX-670-100.jpg
2017-01-26 19:19:44,602 INFO 2697185743 http://static.cnbetacdn.com/topics/5d57f064cd38d29.png
2017-01-26 19:19:44,602 INFO 2697185743 http://static.cnbetacdn.com/topics/5d57f064cd38d29.png
2017-01-26 19:19:44,602 INFO 2697185743 http://static.cnbetacdn.com/topics/5d57f064cd38d29.png
2017-01-26 19:19:44,602 INFO 2697185743 http://static.cnbetacdn.com/topics/5d57f064cd38d29.png
2017-01-26 19:19:44,602 INFO 2697185743 http://static.cnbetacdn.com/topics/5d57f064cd38d29.png
2017-01-26 19:19:44,602 INFO 2697185743 http://static.cnbetacdn.com/topics/5d57f064cd38d29.png
2017-01-26 19:19:44,602 INFO 2697185743 http://static.cnbetacdn.com/topics/5d57f064cd38d29.png
2017-01-26 19:19:44,602 INFO 2697185743 http://static.cnbetacdn.com/topics/5d57f064cd38d29.png
2017-01-26 19:19:46,619 INFO 3465395927 http://static.cnbetacdn.com/thumb/mini/article/2017/0126/960dd8fcc7d63d2.jpg_100x100.jpg
2017-01-26 19:19:46,619 INFO 3465395927 http://static.cnbetacdn.com/thumb/mini/article/2017/0126/960dd8fcc7d63d2.jpg_100x100.jpg
2017-01-26 19:19:46,619 INFO 3465395927 http://static.cnbetacdn.com/thumb/mini/article/2017/0126/960dd8fcc7d63d2.jpg_100x100.jpg
2017-01-26 19:19:46,619 INFO 3465395927 http://static.cnbetacdn.com/thumb/mini/article/2017/0126/960dd8fcc7d63d2.jpg_100x100.jpg
2017-01-26 19:19:46,619 INFO 3465395927 http://static.cnbetacdn.com/thumb/mini/article/2017/0126/960dd8fcc7d63d2.jpg_100x100.jpg
2017-01-26 19:19:46,619 INFO 3465395927 http://static.cnbetacdn.com/thumb/mini/article/2017/0126/960dd8fcc7d63d2.jpg_100x100.jpg
2017-01-26 19:19:46,619 INFO 3465395927 http://static.cnbetacdn.com/thumb/mini/article/2017/0126/960dd8fcc7d63d2.jpg_100x100.jpg
2017-01-26 19:19:46,619 INFO 3465395927 http://static.cnbetacdn.com/thumb/mini/article/2017/0126/960dd8fcc7d63d2.jpg_100x100.jpg
2017-01-26 19:19:47,070 INFO 3424791652 http://static.cnbetacdn.com/article/2016/0909/451018482b888c5.jpg
2017-01-26 19:19:47,070 INFO 3424791652 http://static.cnbetacdn.com/article/2016/0909/451018482b888c5.jpg
2017-01-26 19:19:47,070 INFO 3424791652 http://static.cnbetacdn.com/article/2016/0909/451018482b888c5.jpg
2017-01-26 19:19:47,070 INFO 3424791652 http://static.cnbetacdn.com/article/2016/0909/451018482b888c5.jpg
2017-01-26 19:19:47,070 INFO 3424791652 http://static.cnbetacdn.com/article/2016/0909/451018482b888c5.jpg
2017-01-26 19:19:47,070 INFO 3424791652 http://static.cnbetacdn.com/article/2016/0909/451018482b888c5.jpg
2017-01-26 19:19:47,070 INFO 3424791652 http://static.cnbetacdn.com/article/2016/0909/451018482b888c5.jpg
2017-01-26 19:19:47,070 INFO 3424791652 http://static.cnbetacdn.com/article/2016/0909/451018482b888c5.jpg
2017-01-26 19:19:47,124 INFO 942158641 http://static.cnbetacdn.com/thumb/mini/article/2017/0126/138df6c19b12679_100x100.png
2017-01-26 19:19:47,124 INFO 942158641 http://static.cnbetacdn.com/thumb/mini/article/2017/0126/138df6c19b12679_100x100.png
2017-01-26 19:19:47,124 INFO 942158641 http://static.cnbetacdn.com/thumb/mini/article/2017/0126/138df6c19b12679_100x100.png
2017-01-26 19:19:47,124 INFO 942158641 http://static.cnbetacdn.com/thumb/mini/article/2017/0126/138df6c19b12679_100x100.png
2017-01-26 19:19:47,124 INFO 942158641 http://static.cnbetacdn.com/thumb/mini/article/2017/0126/138df6c19b12679_100x100.png
2017-01-26 19:19:47,124 INFO 942158641 http://static.cnbetacdn.com/thumb/mini/article/2017/0126/138df6c19b12679_100x100.png
2017-01-26 19:19:47,124 INFO 942158641 http://static.cnbetacdn.com/thumb/mini/article/2017/0126/138df6c19b12679_100x100.png
2017-01-26 19:19:47,124 INFO 942158641 http://static.cnbetacdn.com/thumb/mini/article/2017/0126/138df6c19b12679_100x100.png
2017-01-26 19:19:49,262 INFO 2931021888 http://t10.baidu.com/it/u=1931541777,2917765005&fm=76
2017-01-26 19:19:49,262 INFO 2931021888 http://t10.baidu.com/it/u=1931541777,2917765005&fm=76
2017-01-26 19:19:49,262 INFO 2931021888 http://t10.baidu.com/it/u=1931541777,2917765005&fm=76
2017-01-26 19:19:49,262 INFO 2931021888 http://t10.baidu.com/it/u=1931541777,2917765005&fm=76
2017-01-26 19:19:49,262 INFO 2931021888 http://t10.baidu.com/it/u=1931541777,2917765005&fm=76
2017-01-26 19:19:49,262 INFO 2931021888 http://t10.baidu.com/it/u=1931541777,2917765005&fm=76
2017-01-26 19:19:49,262 INFO 2931021888 http://t10.baidu.com/it/u=1931541777,2917765005&fm=76
2017-01-26 19:19:49,262 INFO 2931021888 http://t10.baidu.com/it/u=1931541777,2917765005&fm=76
